  PRO-STEREO.cpp
d:\std\pro_sdk\sdk0602\xvsdk\samples\all_stream\pro-stereo\pro-stereo.cpp(49): warning C4267: “参数”: 从“size_t”转换到“int”，可能丢失数据
d:\std\pro_sdk\sdk0602\xvsdk\samples\all_stream\pro-stereo\pro-stereo.cpp(53): warning C4267: “参数”: 从“size_t”转换到“int”，可能丢失数据
d:\std\pro_sdk\sdk0602\xvsdk\samples\all_stream\pro-stereo\pro-stereo.cpp(70): warning C4244: “参数”: 从“const float”转换到“_Tp”，可能丢失数据
          with
          [
              _Tp=int
          ]
d:\std\pro_sdk\sdk0602\xvsdk\samples\all_stream\pro-stereo\pro-stereo.cpp(77): warning C4244: “参数”: 从“const float”转换到“_Tp”，可能丢失数据
          with
          [
              _Tp=int
          ]
d:\std\pro_sdk\sdk0602\xvsdk\samples\all_stream\pro-stereo\pro-stereo.cpp(122): warning C4244: “参数”: 从“const float”转换到“_Tp”，可能丢失数据
          with
          [
              _Tp=int
          ]
d:\std\pro_sdk\sdk0602\xvsdk\samples\all_stream\pro-stereo\pro-stereo.cpp(143): warning C4267: “参数”: 从“size_t”转换到“int”，可能丢失数据
d:\std\pro_sdk\sdk0602\xvsdk\samples\all_stream\pro-stereo\pro-stereo.cpp(147): warning C4267: “参数”: 从“size_t”转换到“int”，可能丢失数据
d:\std\pro_sdk\sdk0602\xvsdk\samples\all_stream\pro-stereo\pro-stereo.cpp(257): warning C4996: 'sprintf': This function or variable may be unsafe. Consider using sprintf_s instead. To disable deprecation, use _CRT_SECURE_NO_WARNINGS. See online help for details.
  c:\program files (x86)\windows kits\10\include\10.0.19041.0\ucrt\stdio.h(1764): note: 参见“sprintf”的声明
d:\std\pro_sdk\sdk0602\xvsdk\samples\all_stream\pro-stereo\pro-stereo.cpp(263): warning C4996: 'sprintf': This function or variable may be unsafe. Consider using sprintf_s instead. To disable deprecation, use _CRT_SECURE_NO_WARNINGS. See online help for details.
  c:\program files (x86)\windows kits\10\include\10.0.19041.0\ucrt\stdio.h(1764): note: 参见“sprintf”的声明
d:\std\pro_sdk\sdk0602\xvsdk\samples\all_stream\pro-stereo\pro-stereo.cpp(301): warning C4267: “=”: 从“size_t”转换到“int”，可能丢失数据
d:\std\pro_sdk\sdk0602\xvsdk\samples\all_stream\pro-stereo\pro-stereo.cpp(307): warning C4267: “=”: 从“size_t”转换到“int”，可能丢失数据
d:\std\pro_sdk\sdk0602\xvsdk\samples\all_stream\pro-stereo\pro-stereo.cpp(327): warning C4805: “&=”: 在操作中将类型“int”与类型“bool”混合不安全
d:\std\pro_sdk\sdk0602\xvsdk\samples\all_stream\pro-stereo\pro-stereo.cpp(328): warning C4805: “&=”: 在操作中将类型“int”与类型“bool”混合不安全
d:\std\pro_sdk\sdk0602\xvsdk\samples\all_stream\pro-stereo\pro-stereo.cpp(329): warning C4805: “&=”: 在操作中将类型“int”与类型“bool”混合不安全
LINK : warning LNK4044: 无法识别的选项“/pthread”；已忽略
  正在生成代码
  0 of 1431 functions ( 0.0%) were compiled, the rest were copied from previous compilation.
    0 functions were new in current compilation
    24 functions had inline decision re-evaluated but remain unchanged
  已完成代码的生成
  PRO-STEREO.vcxproj -> D:\STD\PRO_SDK\sdk0602\xvsdk\samples\all_stream\build\Release\PRO-STEREO.exe
