  all_stream.cpp
D:\STD\PRO_SDK\sdk0602\xvsdk\samples\all_stream\all_stream.cpp(39): warning C4305: “初始化”: 从“double”到“float”截断
D:\STD\PRO_SDK\sdk0602\xvsdk\samples\all_stream\all_stream.cpp(78): warning C4244: “参数”: 从“const _Ty”转换到“_Tp”，可能丢失数据
          with
          [
              _Ty=double
          ]
          and
          [
              _Tp=int
          ]
D:\STD\PRO_SDK\sdk0602\xvsdk\samples\all_stream\all_stream.cpp(79): warning C4244: “参数”: 从“const _Ty”转换到“_Tp”，可能丢失数据
          with
          [
              _Ty=double
          ]
          and
          [
              _Tp=int
          ]
D:\STD\PRO_SDK\sdk0602\xvsdk\samples\all_stream\all_stream.cpp(80): warning C4244: “参数”: 从“const _Ty”转换到“_Tp”，可能丢失数据
          with
          [
              _Ty=double
          ]
          and
          [
              _Tp=int
          ]
D:\STD\PRO_SDK\sdk0602\xvsdk\samples\all_stream\all_stream.cpp(81): warning C4244: “参数”: 从“const _Ty”转换到“_Tp”，可能丢失数据
          with
          [
              _Ty=double
          ]
          and
          [
              _Tp=int
          ]
D:\STD\PRO_SDK\sdk0602\xvsdk\samples\all_stream\all_stream.cpp(83): warning C4244: “参数”: 从“const _Ty”转换到“_Tp”，可能丢失数据
          with
          [
              _Ty=double
          ]
          and
          [
              _Tp=int
          ]
D:\STD\PRO_SDK\sdk0602\xvsdk\samples\all_stream\all_stream.cpp(87): warning C4244: “参数”: 从“double”转换到“int”，可能丢失数据
D:\STD\PRO_SDK\sdk0602\xvsdk\samples\all_stream\all_stream.cpp(97): warning C4244: “参数”: 从“const _Ty”转换到“_Tp”，可能丢失数据
          with
          [
              _Ty=double
          ]
          and
          [
              _Tp=int
          ]
D:\STD\PRO_SDK\sdk0602\xvsdk\samples\all_stream\all_stream.cpp(98): warning C4244: “参数”: 从“const _Ty”转换到“_Tp”，可能丢失数据
          with
          [
              _Ty=double
          ]
          and
          [
              _Tp=int
          ]
D:\STD\PRO_SDK\sdk0602\xvsdk\samples\all_stream\all_stream.cpp(99): warning C4244: “参数”: 从“const _Ty”转换到“_Tp”，可能丢失数据
          with
          [
              _Ty=double
          ]
          and
          [
              _Tp=int
          ]
D:\STD\PRO_SDK\sdk0602\xvsdk\samples\all_stream\all_stream.cpp(100): warning C4244: “参数”: 从“const _Ty”转换到“_Tp”，可能丢失数据
          with
          [
              _Ty=double
          ]
          and
          [
              _Tp=int
          ]
D:\STD\PRO_SDK\sdk0602\xvsdk\samples\all_stream\all_stream.cpp(102): warning C4244: “参数”: 从“const _Ty”转换到“_Tp”，可能丢失数据
          with
          [
              _Ty=double
          ]
          and
          [
              _Tp=int
          ]
D:\STD\PRO_SDK\sdk0602\xvsdk\samples\all_stream\all_stream.cpp(106): warning C4244: “参数”: 从“double”转换到“int”，可能丢失数据
D:\STD\PRO_SDK\sdk0602\xvsdk\samples\all_stream\all_stream.cpp(119): warning C4267: “参数”: 从“size_t”转换到“int”，可能丢失数据
D:\STD\PRO_SDK\sdk0602\xvsdk\samples\all_stream\all_stream.cpp(123): warning C4267: “参数”: 从“size_t”转换到“int”，可能丢失数据
D:\STD\PRO_SDK\sdk0602\xvsdk\samples\all_stream\all_stream.cpp(139): warning C4244: “参数”: 从“const float”转换到“_Tp”，可能丢失数据
          with
          [
              _Tp=int
          ]
D:\STD\PRO_SDK\sdk0602\xvsdk\samples\all_stream\all_stream.cpp(146): warning C4244: “参数”: 从“const float”转换到“_Tp”，可能丢失数据
          with
          [
              _Tp=int
          ]
D:\STD\PRO_SDK\sdk0602\xvsdk\samples\all_stream\all_stream.cpp(190): warning C4244: “参数”: 从“const float”转换到“_Tp”，可能丢失数据
          with
          [
              _Tp=int
          ]
D:\STD\PRO_SDK\sdk0602\xvsdk\samples\all_stream\all_stream.cpp(214): warning C4267: “参数”: 从“size_t”转换到“int”，可能丢失数据
D:\STD\PRO_SDK\sdk0602\xvsdk\samples\all_stream\all_stream.cpp(218): warning C4267: “参数”: 从“size_t”转换到“int”，可能丢失数据
D:\STD\PRO_SDK\sdk0602\xvsdk\samples\all_stream\all_stream.cpp(405): warning C4267: “初始化”: 从“size_t”转换到“int”，可能丢失数据
D:\STD\PRO_SDK\sdk0602\xvsdk\samples\all_stream\all_stream.cpp(406): warning C4267: “初始化”: 从“size_t”转换到“int”，可能丢失数据
D:\STD\PRO_SDK\sdk0602\xvsdk\samples\all_stream\all_stream.cpp(412): warning C4996: 'sprintf': This function or variable may be unsafe. Consider using sprintf_s instead. To disable deprecation, use _CRT_SECURE_NO_WARNINGS. See online help for details.
  C:\Program Files (x86)\Windows Kits\10\Include\10.0.19041.0\ucrt\stdio.h(1764): note: 参见“sprintf”的声明
D:\STD\PRO_SDK\sdk0602\xvsdk\samples\all_stream\all_stream.cpp(418): warning C4996: 'sprintf': This function or variable may be unsafe. Consider using sprintf_s instead. To disable deprecation, use _CRT_SECURE_NO_WARNINGS. See online help for details.
  C:\Program Files (x86)\Windows Kits\10\Include\10.0.19041.0\ucrt\stdio.h(1764): note: 参见“sprintf”的声明
D:\STD\PRO_SDK\sdk0602\xvsdk\samples\all_stream\all_stream.cpp(450): warning C4996: 'sprintf': This function or variable may be unsafe. Consider using sprintf_s instead. To disable deprecation, use _CRT_SECURE_NO_WARNINGS. See online help for details.
  C:\Program Files (x86)\Windows Kits\10\Include\10.0.19041.0\ucrt\stdio.h(1764): note: 参见“sprintf”的声明
D:\STD\PRO_SDK\sdk0602\xvsdk\samples\all_stream\all_stream.cpp(456): warning C4996: 'sprintf': This function or variable may be unsafe. Consider using sprintf_s instead. To disable deprecation, use _CRT_SECURE_NO_WARNINGS. See online help for details.
  C:\Program Files (x86)\Windows Kits\10\Include\10.0.19041.0\ucrt\stdio.h(1764): note: 参见“sprintf”的声明
D:\STD\PRO_SDK\sdk0602\xvsdk\samples\all_stream\all_stream.cpp(502): warning C4267: “=”: 从“size_t”转换到“int”，可能丢失数据
D:\STD\PRO_SDK\sdk0602\xvsdk\samples\all_stream\all_stream.cpp(508): warning C4267: “=”: 从“size_t”转换到“int”，可能丢失数据
D:\STD\PRO_SDK\sdk0602\xvsdk\samples\all_stream\all_stream.cpp(531): warning C4805: “&=”: 在操作中将类型“int”与类型“bool”混合不安全
D:\STD\PRO_SDK\sdk0602\xvsdk\samples\all_stream\all_stream.cpp(532): warning C4805: “&=”: 在操作中将类型“int”与类型“bool”混合不安全
D:\STD\PRO_SDK\sdk0602\xvsdk\samples\all_stream\all_stream.cpp(533): warning C4805: “&=”: 在操作中将类型“int”与类型“bool”混合不安全
D:\STD\PRO_SDK\sdk0602\xvsdk\samples\all_stream\all_stream.cpp(534): warning C4805: “&=”: 在操作中将类型“int”与类型“bool”混合不安全
D:\STD\PRO_SDK\sdk0602\xvsdk\samples\all_stream\all_stream.cpp(535): warning C4805: “&=”: 在操作中将类型“int”与类型“bool”混合不安全
D:\STD\PRO_SDK\sdk0602\xvsdk\samples\all_stream\all_stream.cpp(536): warning C4805: “&=”: 在操作中将类型“int”与类型“bool”混合不安全
D:\STD\PRO_SDK\sdk0602\xvsdk\samples\all_stream\all_stream.cpp(537): warning C4805: “&=”: 在操作中将类型“int”与类型“bool”混合不安全
D:\STD\PRO_SDK\sdk0602\xvsdk\samples\all_stream\all_stream.cpp(612): warning C4996: 'sprintf': This function or variable may be unsafe. Consider using sprintf_s instead. To disable deprecation, use _CRT_SECURE_NO_WARNINGS. See online help for details.
  C:\Program Files (x86)\Windows Kits\10\Include\10.0.19041.0\ucrt\stdio.h(1764): note: 参见“sprintf”的声明
D:\STD\PRO_SDK\sdk0602\xvsdk\samples\all_stream\all_stream.cpp(823): warning C4244: “=”: 从“double”转换到“unsigned char”，可能丢失数据
  raw2opencv.cpp
D:\STD\PRO_SDK\sdk0602\xvsdk\samples\all_stream\raw2opencv.cpp(28): warning C4267: “参数”: 从“size_t”转换到“int”，可能丢失数据
D:\STD\PRO_SDK\sdk0602\xvsdk\samples\all_stream\raw2opencv.cpp(30): warning C4267: “参数”: 从“size_t”转换到“int”，可能丢失数据
D:\STD\PRO_SDK\sdk0602\xvsdk\samples\all_stream\raw2opencv.cpp(35): warning C4267: “参数”: 从“size_t”转换到“int”，可能丢失数据
D:\STD\PRO_SDK\sdk0602\xvsdk\samples\all_stream\raw2opencv.cpp(37): warning C4267: “参数”: 从“size_t”转换到“int”，可能丢失数据
D:\STD\PRO_SDK\sdk0602\xvsdk\samples\all_stream\raw2opencv.cpp(42): warning C4267: “参数”: 从“size_t”转换到“int”，可能丢失数据
D:\STD\PRO_SDK\sdk0602\xvsdk\samples\all_stream\raw2opencv.cpp(52): warning C4267: “参数”: 从“size_t”转换到“int”，可能丢失数据
D:\STD\PRO_SDK\sdk0602\xvsdk\samples\all_stream\raw2opencv.cpp(61): warning C4267: “参数”: 从“size_t”转换到“int”，可能丢失数据
D:\STD\PRO_SDK\sdk0602\xvsdk\samples\all_stream\raw2opencv.cpp(75): warning C4267: “参数”: 从“size_t”转换到“int”，可能丢失数据
D:\STD\PRO_SDK\sdk0602\xvsdk\samples\all_stream\raw2opencv.cpp(82): warning C4267: “参数”: 从“size_t”转换到“int”，可能丢失数据
D:\STD\PRO_SDK\sdk0602\xvsdk\samples\all_stream\raw2opencv.cpp(86): warning C4267: “参数”: 从“size_t”转换到“int”，可能丢失数据
D:\STD\PRO_SDK\sdk0602\xvsdk\samples\all_stream\raw2opencv.cpp(100): warning C4267: “参数”: 从“size_t”转换到“int”，可能丢失数据
D:\STD\PRO_SDK\sdk0602\xvsdk\samples\all_stream\raw2opencv.cpp(103): warning C4267: “参数”: 从“size_t”转换到“int”，可能丢失数据
D:\STD\PRO_SDK\sdk0602\xvsdk\samples\all_stream\raw2opencv.cpp(112): warning C4267: “参数”: 从“size_t”转换到“int”，可能丢失数据
D:\STD\PRO_SDK\sdk0602\xvsdk\samples\all_stream\raw2opencv.cpp(126): warning C4267: “参数”: 从“size_t”转换到“int”，可能丢失数据
D:\STD\PRO_SDK\sdk0602\xvsdk\samples\all_stream\raw2opencv.cpp(127): warning C4267: “参数”: 从“size_t”转换到“int”，可能丢失数据
D:\STD\PRO_SDK\sdk0602\xvsdk\samples\all_stream\raw2opencv.cpp(145): warning C4267: “参数”: 从“size_t”转换到“int”，可能丢失数据
D:\STD\PRO_SDK\sdk0602\xvsdk\samples\all_stream\raw2opencv.cpp(154): warning C4267: “参数”: 从“size_t”转换到“int”，可能丢失数据
D:\STD\PRO_SDK\sdk0602\xvsdk\samples\all_stream\raw2opencv.cpp(158): warning C4267: “参数”: 从“size_t”转换到“int”，可能丢失数据
D:\STD\PRO_SDK\sdk0602\xvsdk\samples\all_stream\raw2opencv.cpp(164): warning C4267: “参数”: 从“size_t”转换到“int”，可能丢失数据
D:\STD\PRO_SDK\sdk0602\xvsdk\samples\all_stream\raw2opencv.cpp(241): warning C4267: “参数”: 从“size_t”转换到“unsigned int”，可能丢失数据
D:\STD\PRO_SDK\sdk0602\xvsdk\samples\all_stream\raw2opencv.cpp(244): warning C4267: “参数”: 从“size_t”转换到“_Tp”，可能丢失数据
          with
          [
              _Tp=int
          ]
D:\STD\PRO_SDK\sdk0602\xvsdk\samples\all_stream\raw2opencv.cpp(251): warning C4267: “参数”: 从“size_t”转换到“_Tp”，可能丢失数据
          with
          [
              _Tp=int
          ]
D:\STD\PRO_SDK\sdk0602\xvsdk\samples\all_stream\raw2opencv.cpp(282): warning C4267: “参数”: 从“size_t”转换到“_Tp”，可能丢失数据
          with
          [
              _Tp=int
          ]
D:\STD\PRO_SDK\sdk0602\xvsdk\samples\all_stream\raw2opencv.cpp(292): warning C4267: “参数”: 从“size_t”转换到“_Tp”，可能丢失数据
          with
          [
              _Tp=int
          ]
  正在生成代码...
LINK : warning LNK4044: 无法识别的选项“/pthread”；已忽略
  all_stream.vcxproj -> D:\STD\PRO_SDK\sdk0602\xvsdk\samples\all_stream\build\Release\all_stream.exe
