  PRO-RGBD.cpp
d:\std\pro_sdk\sdk0602\xvsdk\samples\all_stream\pro-rgbd\pro-rgbd.cpp(45): warning C4267: “参数”: 从“size_t”转换到“int”，可能丢失数据
d:\std\pro_sdk\sdk0602\xvsdk\samples\all_stream\pro-rgbd\pro-rgbd.cpp(47): warning C4267: “参数”: 从“size_t”转换到“int”，可能丢失数据
d:\std\pro_sdk\sdk0602\xvsdk\samples\all_stream\pro-rgbd\pro-rgbd.cpp(52): warning C4267: “参数”: 从“size_t”转换到“int”，可能丢失数据
d:\std\pro_sdk\sdk0602\xvsdk\samples\all_stream\pro-rgbd\pro-rgbd.cpp(54): warning C4267: “参数”: 从“size_t”转换到“int”，可能丢失数据
d:\std\pro_sdk\sdk0602\xvsdk\samples\all_stream\pro-rgbd\pro-rgbd.cpp(59): warning C4267: “参数”: 从“size_t”转换到“int”，可能丢失数据
d:\std\pro_sdk\sdk0602\xvsdk\samples\all_stream\pro-rgbd\pro-rgbd.cpp(70): warning C4267: “参数”: 从“size_t”转换到“int”，可能丢失数据
d:\std\pro_sdk\sdk0602\xvsdk\samples\all_stream\pro-rgbd\pro-rgbd.cpp(77): warning C4267: “参数”: 从“size_t”转换到“int”，可能丢失数据
d:\std\pro_sdk\sdk0602\xvsdk\samples\all_stream\pro-rgbd\pro-rgbd.cpp(82): warning C4267: “参数”: 从“size_t”转换到“int”，可能丢失数据
d:\std\pro_sdk\sdk0602\xvsdk\samples\all_stream\pro-rgbd\pro-rgbd.cpp(97): warning C4267: “参数”: 从“size_t”转换到“int”，可能丢失数据
d:\std\pro_sdk\sdk0602\xvsdk\samples\all_stream\pro-rgbd\pro-rgbd.cpp(101): warning C4267: “参数”: 从“size_t”转换到“int”，可能丢失数据
d:\std\pro_sdk\sdk0602\xvsdk\samples\all_stream\pro-rgbd\pro-rgbd.cpp(110): warning C4267: “参数”: 从“size_t”转换到“int”，可能丢失数据
d:\std\pro_sdk\sdk0602\xvsdk\samples\all_stream\pro-rgbd\pro-rgbd.cpp(121): warning C4267: “参数”: 从“size_t”转换到“int”，可能丢失数据
d:\std\pro_sdk\sdk0602\xvsdk\samples\all_stream\pro-rgbd\pro-rgbd.cpp(134): warning C4267: “参数”: 从“size_t”转换到“int”，可能丢失数据
d:\std\pro_sdk\sdk0602\xvsdk\samples\all_stream\pro-rgbd\pro-rgbd.cpp(139): warning C4267: “参数”: 从“size_t”转换到“int”，可能丢失数据
d:\std\pro_sdk\sdk0602\xvsdk\samples\all_stream\pro-rgbd\pro-rgbd.cpp(145): warning C4267: “参数”: 从“size_t”转换到“int”，可能丢失数据
d:\std\pro_sdk\sdk0602\xvsdk\samples\all_stream\pro-rgbd\pro-rgbd.cpp(208): warning C4996: 'sprintf': This function or variable may be unsafe. Consider using sprintf_s instead. To disable deprecation, use _CRT_SECURE_NO_WARNINGS. See online help for details.
  c:\program files (x86)\windows kits\10\include\10.0.19041.0\ucrt\stdio.h(1764): note: 参见“sprintf”的声明
d:\std\pro_sdk\sdk0602\xvsdk\samples\all_stream\pro-rgbd\pro-rgbd.cpp(214): warning C4996: 'sprintf': This function or variable may be unsafe. Consider using sprintf_s instead. To disable deprecation, use _CRT_SECURE_NO_WARNINGS. See online help for details.
  c:\program files (x86)\windows kits\10\include\10.0.19041.0\ucrt\stdio.h(1764): note: 参见“sprintf”的声明
d:\std\pro_sdk\sdk0602\xvsdk\samples\all_stream\pro-rgbd\pro-rgbd.cpp(252): warning C4805: “&=”: 在操作中将类型“int”与类型“bool”混合不安全
d:\std\pro_sdk\sdk0602\xvsdk\samples\all_stream\pro-rgbd\pro-rgbd.cpp(253): warning C4805: “&=”: 在操作中将类型“int”与类型“bool”混合不安全
LINK : warning LNK4044: 无法识别的选项“/pthread”；已忽略
  正在生成代码
  184 of 1113 functions (16.5%) were compiled, the rest were copied from previous compilation.
    142 functions were new in current compilation
    54 functions had inline decision re-evaluated but remain unchanged
  已完成代码的生成
  PRO-RGBD.vcxproj -> D:\STD\PRO_SDK\sdk0602\xvsdk\samples\all_stream\build\Release\PRO-RGBD.exe
